<?xml version="1.0" encoding="UTF-8"?>
<!-- Generated by org.testng.reporters.JUnitReportReporter -->
<testsuite hostname="DineshManoharan" failures="0" tests="9" name="runner.CourseRunner" time="42.759" errors="2" timestamp="2024-04-12T13:51:31 IST" skipped="0">
  <testcase classname="runner.CourseRunner" name="runScenario" time="5.127"/>
  <testcase classname="runner.CourseRunner" name="runScenario" time="4.201"/>
  <testcase classname="runner.CourseRunner" name="runScenario" time="5.588"/>
  <testcase classname="runner.CourseRunner" name="runScenario" time="3.856">
    <error message="Keyword Showing wrong" type="java.lang.Exception">
      <![CDATA[java.lang.Exception: Keyword Showing wrong
at stepDefinitions.CourseModule.check_all_values_showing_or_not(CourseModule.java:125)
at ✽.Check all values showing or not.(file:///C:/Users/dinesh/eclipse-workspace/Colleges/src/test/java/features/College6_Course.feature:36)
]]>
    </error>
  </testcase> <!-- runScenario -->
  <testcase classname="runner.CourseRunner" name="runScenario" time="6.655"/>
  <testcase classname="runner.CourseRunner" name="runScenario" time="3.798">
    <error message="Deleted Not Successfuly" type="java.lang.Exception">
      <![CDATA[java.lang.Exception: Deleted Not Successfuly
at stepDefinitions.CourseModule.check_deleted_data_is_showing_or_not(CourseModule.java:205)
at ✽.Check deleted data is showing or not.(file:///C:/Users/dinesh/eclipse-workspace/Colleges/src/test/java/features/College6_Course.feature:56)
]]>
    </error>
  </testcase> <!-- runScenario -->
  <testcase classname="runner.CourseRunner" name="runScenario" time="3.294"/>
  <testcase classname="runner.CourseRunner" name="runScenario" time="5.299"/>
  <testcase classname="runner.CourseRunner" name="runScenario" time="4.941"/>
</testsuite> <!-- runner.CourseRunner -->
