<?xml version="1.0" encoding="UTF-8"?>
<!-- Generated by org.testng.reporters.JUnitReportReporter -->
<testsuite hostname="DineshManoharan" failures="0" tests="11" name="runner.SectionRunner" time="63.999" errors="2" timestamp="2024-04-13T14:00:10 IST" skipped="0">
  <testcase classname="runner.SectionRunner" name="runScenario" time="5.281"/>
  <testcase classname="runner.SectionRunner" name="runScenario" time="3.665"/>
  <testcase classname="runner.SectionRunner" name="runScenario" time="3.466"/>
  <testcase classname="runner.SectionRunner" name="runScenario" time="9.090">
    <error message="User can able to clear ID data in Section" type="java.lang.Exception">
      <![CDATA[java.lang.Exception: User can able to clear ID data in Section
at stepDefinitions.SectionModule.check_it_allow_or_not_in_section_menu(SectionModule.java:131)
at ✽.Check it allow or not in section menu.(file:///C:/Users/dinesh/eclipse-workspace/Colleges/src/test/java/features/College7_Secyion.feature:35)
]]>
    </error>
  </testcase> <!-- runScenario -->
  <testcase classname="runner.SectionRunner" name="runScenario" time="3.844"/>
  <testcase classname="runner.SectionRunner" name="runScenario" time="3.577"/>
  <testcase classname="runner.SectionRunner" name="runScenario" time="7.440">
    <error message="Negative Values allow in section ID fields" type="java.lang.Exception">
      <![CDATA[java.lang.Exception: Negative Values allow in section ID fields
at stepDefinitions.SectionModule.check_the_if_the_data_is_present_throw_bugs(SectionModule.java:163)
at ✽.Check the if the data is present throw bugs.(file:///C:/Users/dinesh/eclipse-workspace/Colleges/src/test/java/features/College7_Secyion.feature:41)
]]>
    </error>
  </testcase> <!-- runScenario -->
  <testcase classname="runner.SectionRunner" name="runScenario" time="7.645"/>
  <testcase classname="runner.SectionRunner" name="runScenario" time="8.303"/>
  <testcase classname="runner.SectionRunner" name="runScenario" time="7.153"/>
  <testcase classname="runner.SectionRunner" name="runScenario" time="4.535"/>
</testsuite> <!-- runner.SectionRunner -->
