<?xml version="1.0" encoding="UTF-8"?>
<!-- Generated by org.testng.reporters.JUnitReportReporter -->
<testsuite hostname="DineshManoharan" failures="0" tests="1" name="runner.AnnouncementRunner" time="42.237" errors="0" timestamp="2024-04-15T16:28:43 IST" skipped="0">
  <testcase classname="runner.AnnouncementRunner" name="runScenario" time="42.237"/>
</testsuite> <!-- runner.AnnouncementRunner -->
