<?xml version="1.0" encoding="UTF-8"?>
<!-- Generated by org.testng.reporters.JUnitReportReporter -->
<testsuite hostname="DineshManoharan" failures="0" tests="13" name="runner.BranchPageRunner" time="0.557" errors="0" timestamp="2024-04-08T15:47:55 IST" skipped="0">
  <testcase classname="runner.BranchPageRunner" name="runScenario" time="0.006"/>
  <testcase classname="runner.BranchPageRunner" name="runScenario" time="0.010"/>
  <testcase classname="runner.BranchPageRunner" name="runScenario" time="0.018"/>
  <testcase classname="runner.BranchPageRunner" name="runScenario" time="0.008"/>
  <testcase classname="runner.BranchPageRunner" name="runScenario" time="0.396"/>
  <testcase classname="runner.BranchPageRunner" name="runScenario" time="0.017"/>
  <testcase classname="runner.BranchPageRunner" name="runScenario" time="0.008"/>
  <testcase classname="runner.BranchPageRunner" name="runScenario" time="0.024"/>
  <testcase classname="runner.BranchPageRunner" name="runScenario" time="0.009"/>
  <testcase classname="runner.BranchPageRunner" name="runScenario" time="0.015"/>
  <testcase classname="runner.BranchPageRunner" name="runScenario" time="0.008"/>
  <testcase classname="runner.BranchPageRunner" name="runScenario" time="0.021"/>
  <testcase classname="runner.BranchPageRunner" name="runScenario" time="0.017"/>
</testsuite> <!-- runner.BranchPageRunner -->
